Files in Main Package:

LICENSE  DOC     20073 06-23-98   9:02p
FPTCPP   ZIP    104629 09-18-97  11:37p
FULLPACK ZIP    403055 06-23-98   9:07p
README   1ST      2133 06-23-98   9:05p
FILE_ID  DIZ       411 06-22-98   1:10a
FPTC     ZIP    103153 09-18-97  11:55p
FPTCPPRJ ZIP      1878 08-03-97   5:12p
VENDINFO DIZ     28730 06-22-98   1:10a
FPTCPRJ  ZIP       171 08-03-97   5:14p
FPH      ZIP      4885 09-16-97  12:38p
INSTALL  EXE     35792 08-29-97   7:03a
INSTALL  SCR      2000 03-11-97   7:01p
INSTALL  SYS      4838 06-23-98   9:02p
UNZIP    EXE     88488 05-01-96  10:30p
RUNEXEC  EXE     17280 08-25-97   2:25a
SS31     ZIP    233305 08-03-97   5:24p
PACKING  LST      5167 06-23-98   9:06p

Files in FULLPACK.ZIP:

LITTLE   SNG       242 08-07-97   8:42p
FULFUNC1 MEN     22920 08-07-97   8:38p
FULFUNC2 MEN     15702 08-02-97   9:35p
SIMPTUT  SNG       102 08-07-97   8:43p
ANTIQUE  FNT      4096 03-09-96   7:23p
BRODWAY  FNT      4096 03-09-96   7:24p
COURRIER FNT      4096 03-09-96   7:25p
CURSOR   FNT      4096 04-26-97   3:46a
FDEMO    FNT      4096 11-21-96  12:28a
FDEMO1   FNT      4096 11-21-96   2:53a
FDEMO2   FNT      4096 11-21-96   2:53a
FULTUT   SCR      4000 08-03-97   4:02p
IBMSTD   FNT      4096 03-09-96   7:25p
MEDIEVAL FNT      4096 03-09-96   7:25p
MOUCURS  FNT      4056 04-26-97   3:43a
ROMAN    FNT      4096 03-09-96   7:22p
SANSERIF FNT      4096 03-09-96   7:24p
SCRIPT   FNT      4096 03-09-96   7:23p
VGAEDIT  FNT      4096 03-15-96   9:19a
FULTUT   PRN      9761 07-12-97   8:41a
MAKEFILE EXE    126768 09-12-97   4:32p
MAKEFILE WIN      1232 06-02-97   6:56p
MAKEFILE MEN      1739 08-02-97   9:34p
MAKEFILE HLP     12554 08-02-97   9:47p
MAKEFILE SCR      2000 09-29-97  12:59p
FONTEDIT EXE     68608 09-18-97   7:50p
FONTEDIT WIN       560 06-30-97   2:16a
FONTEDIT MEN       516 08-02-97   9:35p
FONTEDIT SCR      2000 07-02-97  10:31p
VGAEDIT  EXE     74688 09-19-97  12:31a
VGAEDIT  WIN       672 07-04-97  12:32a
VGAEDIT  MEN       578 08-02-97   9:36p
VGAEDIT  SCR      2000 09-29-97   1:01p
VGAEDIT  HLP      3831 08-28-97   9:13p
FONTHELP MEN      4448 08-02-97   9:37p
CONVMEN  EXE     12832 06-07-97  11:22p
CONVSNG  EXE     13872 08-07-97   9:41p
CONVWIN  EXE     12064 06-07-97  11:22p
SWTOTXT  EXE     12480 06-07-97  11:23p
TXTTOSW  EXE     12688 07-28-97   2:21p
READOCS  HLP      1165 08-20-97   2:13a
READOCS  SCR      2000 09-29-97   1:02p
READOCS  EXE     38128 08-20-97   2:09a
READOCS  WIN       504 06-08-97   2:45a
GENERAL  TXT     10017 09-19-97  11:17a
DEFINES  TXT      4016 08-02-97   9:24p
DISCLAIM TXT     20086 06-23-98   8:44p
FULTUT   C       67622 09-16-97  11:01p
FULTUT   MEN      9252 08-03-97   4:29p
FULTUT   WIN      1176 07-27-97   6:53p
ERROR    TXT      3521 08-28-97   9:03p
DUALON   EXE      8896 07-29-97  11:19p
MAKEFONT EXE     12304 09-18-97  10:49p
LOADFONT EXE      8816 08-07-97   8:24p
RESETPAL EXE      8480 07-29-97  11:25p
SETPAL   EXE      8480 07-29-97  11:37p
LOADDAC  EXE      8880 09-18-97   9:51p
LOADPAL  EXE      8896 09-18-97   9:53p
SAVEPAL  EXE      8528 09-18-97   9:57p
SAVEDAC  EXE      8464 09-18-97   9:55p
FULTUT   EXE    109408 09-19-97  12:25a
FULLPACK DOC    106811 06-23-98   8:57p
TEST     DAC       768 06-25-96   9:48p
TEST     PAL        17 04-23-97   1:16a
DEFINE   DAT       856 04-24-97   6:57p

Files in FPTCPP.ZIP:

SWINS    LIB     37376 09-18-97   7:07P
SWINERRS LIB     47104 09-18-97   7:07P
SWINL    LIB     42496 09-18-97   7:19P
SWINERRL LIB     54272 09-18-97   7:19P
FONTEDS  LIB      5632 09-16-97  11:22P
VGACOLRS LIB      4096 09-18-97  11:13P
MOUSE23S LIB     10240 09-16-97  11:22P
FONTEDL  LIB      6144 09-16-97  11:36P
VGACOLRL LIB      4608 09-18-97  11:36P
MOUSE23L LIB     11264 09-16-97  11:36P
MOUSE21L LIB      3072 06-08-97  12:04A
MOUSE21S LIB      3072 06-07-97  11:58P

Files in FPTC.ZIP:

SWINS    LIB     37888 09-18-97   7:33P
SWINERRS LIB     47616 09-18-97   7:33P
SWINL    LIB     43008 09-18-97   7:41P
SWINERRL LIB     54784 09-18-97   7:41P
FONTEDS  LIB      6144 09-16-97  11:40P
VGACOLRS LIB      4608 09-18-97  11:50P
MOUSE23S LIB     11264 09-16-97  11:40P
FONTEDL  LIB      6656 09-16-97  11:43P
VGACOLRL LIB      5120 09-18-97  11:54P
MOUSE23L LIB     12288 09-16-97  11:43P
MOUSE21S LIB      3072 08-11-97  10:37P
MOUSE21L LIB      3072 08-11-97  10:38P

Files in FPH.ZIP:

SIMPWIN  H        6302 08-07-97  11:13A
FONTEDIT H         864 07-07-97  10:47P
MOUSE23  H         645 07-19-97  11:43P
VGACOLOR H        3002 07-07-97   8:25P
SWSKDEF  H        1326 02-20-97  10:25A
MOUSE21  H         662 06-30-97   6:20A
EGACOLOR H        2149 11-26-96   2:39A

Files in FPTCPPRJ.ZIP:

FULTUT   PRJ     11180 08-03-97   4:34P

Files in FPTCPRJ.ZIP:

FULTUT   PRJ        80 07-31-97   6:28A

Files in SS31.ZIP:

ACROP    DCT    193709 04-25-94  11:16A
DM       EXE     19556 08-03-96   2:40P
REGISTER DOC      2550 08-03-96   2:40P
SS       EXE     70832 08-03-96   2:02P
SS       DOC     30519 08-03-96   2:43P
UPDATE   EXE     13887 08-03-96   2:40P
