Files in Main Package:

INSTALL  SYS      3628 06-23-98   7:42p
INSTALL  SCR      2000 03-11-97   7:01p
INSTALL  EXE     35792 08-29-97   7:03a
LICENSE  DOC      2587 06-23-98   7:39p
PACKING  LST      4568 06-23-98   7:43p
README   1ST      2132 06-23-98   7:42p
RUNEXEC  EXE     55280 08-03-97   7:34p
SIMPWIN  ZIP    129130 06-23-98   7:44p
SWTC     ZIP     15491 09-17-97   6:00p
FILE_ID  DIZ       321 06-23-98   9:30a
SWH      ZIP      1697 09-17-97   5:55p
SWTCPPRJ ZIP      4865 09-17-97   6:18p
SWTCPRJ  ZIP       416 08-18-97   1:17a
UNZIP    EXE     88488 05-01-96  10:30p
VENDINFO DIZ     10287 06-23-98   9:30a
SWTCPP   ZIP     15814 09-17-97   5:54p

Files in SIMPWIN.ZIP:

ANTIQUE  FNT      4096 12-31-95   7:45p
BOARDER  TXT       125 06-16-95   2:40a
BRODWAY  FNT      4096 12-31-95   7:46p
CAPDEMO  TXT       569 07-01-95   2:07a
COURRIER FNT      4096 12-31-95   7:47p
DEINSTAL LST       722 05-03-97  12:23a
DEMO     MEN        48 06-16-95   1:17a
FONT     TXT       187 08-18-97  12:47a
FONT     MEN        76 06-16-95  12:58a
FUNG     MEN       202 06-16-95   2:47a
FUNG10   TXT       274 04-29-97  12:45a
FUNG11   TXT       236 04-29-97  12:46a
FUNG13   TXT       183 06-16-95   2:05a
FUNG15   TXT       140 06-29-96   1:39a
FUNG16   TXT       368 06-29-96   1:41a
FUNG19   TXT       137 06-29-96   1:43a
FUNG20   TXT       122 06-29-96   1:43a
FUNG25   TXT       210 06-29-96   1:47a
FUNG3    TXT       244 04-21-97   5:23a
FUNG5    TXT       274 06-16-95   2:13a
FUNG6    TXT       139 06-25-95   5:26a
FUNG7    TXT       148 06-25-95   5:27a
HELP0    TXT       254 04-28-97   9:42p
HELP1    TXT        63 04-28-97   9:43p
HELP2    TXT        61 04-28-97   9:44p
IBMSTD   FNT      4096 12-31-95   7:48p
INSTAL92 C        4584 05-03-97  11:59p
INSTAL92 EXE     24688 09-17-97   6:03p
INSTALL  LST        22 05-03-97  12:26a
INSTALL  SCR       683 09-12-97   8:36p
LFSW92   C        1973 06-07-97  11:40p
LFSW92   EXE      8416 08-14-97  11:19p
LOADFONT TXT       284 04-28-97   5:35a
MAIN     MEN        49 06-16-95   1:19a
MEDIEVAL FNT      4096 12-31-95   7:48p
MOU      MEN       162 04-28-97   5:28a
MOUSE92  C        3320 05-04-97  12:00a
READOC92 SCR       688 09-12-97   8:40p
DELIST   EXE     14752 08-18-97  12:04a
READOC92 C       14514 09-12-97   8:37p
DELIST   C        6008 08-18-97  12:04a
READOC92 EXE     29024 09-17-97   6:04p
ROMAN    FNT      4096 12-31-95   7:43p
SANSERIF FNT      4096 12-31-95   7:46p
SCRIPT   FNT      4096 12-31-95   7:44p
SIMPSOFT TXT      1368 06-23-98   7:25p
SIMPWN92 C       28739 09-17-97   5:27p
SWTUT92  EXE     49760 09-17-97   6:03p
SWTUT92  C       27534 09-17-97   5:42p
TITLE    SCR       688 09-12-97   8:41p
TUTOR    MEN        80 10-22-97   6:25p
SIMPWN92 DOC     21627 06-23-98   7:37p
ENTDEMO  TXT       172 08-18-97  12:26a
FUNG14   TXT       262 08-18-97  12:26a
FUNG17   TXT       219 08-18-97  12:27a
FUNG23   TXT       192 08-18-97  12:27a
FUNG9    TXT       301 08-18-97  12:28a
HELP4    TXT       237 08-18-97  12:28a
FUNG1    TXT      1401 10-22-97   6:23p
FUNG12   TXT       311 08-18-97  12:30a
FUNG21   TXT       204 08-18-97  12:31a
FUNG24   TXT       229 08-18-97  12:31a
FUNG4    TXT      1883 10-22-97   6:22p
GENRAL   TXT      1380 06-23-98   7:26p
READTEXT TXT        69 08-18-97  12:36a
SUPPORT  TXT       398 06-23-98   7:28p
DISCLAM  TXT      2501 06-23-98   7:22p
FUNG2    TXT       874 08-18-97  12:39a
FUNG22   TXT       225 08-18-97  12:40a
FUNG8    TXT       240 08-18-97  12:40a
HELP3    TXT        90 08-18-97  12:41a
SHADDEMO TXT       269 08-18-97  12:42a

Files in SWTCPP.ZIP:

SW92S    LIB     12800 09-17-97   5:52P
MOU92S   LIB      2560 08-18-97   1:01A
SW92L    LIB     13824 09-17-97   5:53P
MOU92L   LIB      2560 08-18-97   1:03A

Files in SWTC.ZIP:

SW92S    LIB     13312 09-17-97   5:58P
SW92L    LIB     13824 09-17-97   5:59P
MOU92S   LIB      2560 08-18-97   1:05A
MOU92L   LIB      2560 08-18-97   1:06A

Files in SWTCPPRJ.ZIP:

SWTUT92  PRJ      8148 09-17-97   6:03P
READOC92 PRJ      6868 08-17-97  11:31P
INSTAL92 PRJ      5992 08-17-97  11:32P

Files in SWTCPRJ.ZIP:

SWTUT92  PRJ        44 08-18-97   1:16A
INSTAL92 PRJ        29 08-18-97   1:16A
READOC92 PRJ        45 08-18-97   1:17A

Files in SWH.ZIP:

SWTUT92  PRJ        44 08-18-97   1:16A
INSTAL92 PRJ        29 08-18-97   1:16A
READOC92 PRJ        45 08-18-97   1:17A
SIMPWN92 H        1967 09-17-97   1:56P
MOUSE92  H         605 08-14-97  10:57P
SKDEF92  H        1326 04-28-97   1:03A
