Files in MAIN Packet:

LICENSE  DOC     20053 06-26-98   2:00a
README   1ST      2136 06-26-98   2:03a
INSTALL  EXE     35792 08-29-97   7:03a
INSTALL  SCR      2000 03-11-97   7:01p
INSTALL  SYS      1999 06-26-98   2:03a
PACKING  LST      1657 06-26-98   2:11a
SMTC     ZIP     10339 09-16-97  11:44p
UNZIP    EXE     88488 05-01-96  10:30p
SMTCPP   ZIP     10079 09-16-97  11:37p
RUNEXEC  EXE     17280 08-25-97   2:25a
SMH      ZIP       395 08-14-97   9:49p
SIMPMOUS ZIP     83511 06-26-98   2:07a
SMTCPPRJ ZIP      1617 08-14-97   9:52p
SMTCPRJ  ZIP       161 08-14-97   9:54p
FILE_ID  DIZ       194 06-24-98   2:40a
VENDINFO DIZ     27590 06-24-98   2:40a

Files in SIMPMOUS.ZIP:

READOCS  HLP      1165 08-20-97   2:13a
READOCS  SCR      2000 03-11-97   7:01p
READOCS  EXE     38128 08-20-97   2:09a
READOCS  WIN       504 06-08-97   2:45a
MOUCURS  FNT      4056 04-26-97   3:43a
CURSOR   FNT      4096 04-26-97   3:46a
MOUTUT   EXE     67488 08-14-97   9:23p
MOUTUT   WIN       336 07-04-97  10:02p
MOUTUT   SCR      4000 05-07-97   3:13a
MOUTUT   C       11418 08-14-97   9:23p
MOUGENRL TXT      1520 06-26-98   1:40a
SCRIPT   FNT      4096 03-09-96   7:23p
SIMPMOUS DOC     36827 06-26-98   1:56a
MOUTUT   MEN      5998 08-18-97  11:06p

Files in SMTCPP.ZIP:

MOUSE23S LIB     10240 08-04-97  12:12A
MOUSE23L LIB     11264 08-04-97  12:15A

Files in SMTC.ZIP:

MOUSE23S LIB     11264 08-04-97  12:23A
MOUSE23L LIB     12288 08-04-97  12:26A

Files in SMH.ZIP:

MOUSE23  H         645 07-19-97  11:43P

Files in SMTCPPRJ.ZIP:

MOUTUT   PRJ      5696 08-14-97   9:51P

Files in SMTCPRJ.ZIP:

MOUTUT   PRJ        62 08-14-97   9:53P
