Files in Main package:

VGAEDIT  ZIP    153922 06-25-98   6:12p
README   1ST      2130 06-25-98   6:01p
VGATC    ZIP      4370 09-18-97  11:54p
INSTALL  EXE     35792 08-29-97   7:03a
LICENSE  DOC     19984 06-25-98   5:56p
INSTALL  SCR      2000 03-11-97   7:01p
VGAH     ZIP       897 08-13-97  11:27p
INSTALL  SYS      3225 06-25-98   6:09p
VTCPRJ   ZIP       161 04-26-97   4:55a
UNZIP    EXE     88488 05-01-96  10:30p
VTCPPRJ  ZIP      1737 04-26-97   4:57a
PACKING  LST      2232 06-25-98   6:11p
RUNEXEC  EXE     17280 08-25-97   2:25a
VGATCPP  ZIP      4260 09-18-97  11:36p
FILE_ID  DIZ       297 06-24-98   1:40a
VENDINFO DIZ     27720 06-24-98   1:40a

Files in VGAEDIT.ZIP:

VGAEDIT  FNT      4096 03-15-96   9:19a
VGAEDIT  HLP      3831 08-26-97   5:17p
VGAEDIT  MEN       578 08-26-97   5:18p
VGAEDIT  SCR      2000 08-26-97   6:13p
VGAEDIT  WIN       672 07-04-97  12:32a
VGAEDIT  EXE     74480 08-07-97   9:31p
VGATUT   C       18573 08-13-97  10:22p
VGATUT   MEN      7588 08-26-97   5:17p
VGATUT   WIN       448 08-13-97   9:51p
VGATUT   SCR      2000 08-26-97   6:15p
DEFINE   DAT       856 04-24-97   6:57p
MOUCURS  FNT      4056 04-26-97   3:43a
IBMSTD   FNT      4096 03-09-96   7:25p
TEST     DAC       768 06-25-96   9:48p
TEST     PAL        17 04-23-97   1:16a
VGATUT   EXE     68384 08-13-97  10:22p
LOADDAC  EXE      8800 04-25-97   4:32a
LOADPAL  EXE      8800 04-25-97   4:35a
SAVEDAC  EXE      8800 04-25-97   4:40a
SAVEPAL  EXE      8880 04-25-97   4:41a
READOCS  HLP      1165 08-20-97   2:13a
READOCS  WIN       504 06-08-97   2:45a
READOCS  SCR      2000 03-11-97   7:01p
READOCS  EXE     38128 08-20-97   2:09a
CURSOR   FNT      4096 04-26-97   3:46a
VGAGENRL TXT      1893 06-25-98   5:36p
VGAEDIT  DOC     39333 06-25-98   5:49p

Files in VGATCPP.ZIP:

VGACOLRS LIB      4608 08-04-97  12:12A
VGACOLRL LIB      5120 08-04-97  12:15A

Files in VGATC.ZIP:

VGACOLRS LIB      5120 08-04-97  12:23A
VGACOLRL LIB      5120 08-04-97  12:26A

Files in VGAH.ZIP:

VGACOLOR H        3002 07-07-97   8:25P

Files in VTCPPRJ.ZIP:

VGATUT   PRJ     10304 04-25-97   2:43A

Files in VTCPRJ.ZIP:

VGATUT   PRJ        62 04-25-97   4:57A
