Files in Main package:

FILE_ID  DIZ       405 06-24-98   1:59a
VENDINFO DIZ     27045 06-24-98   1:59a
SWTCPP   ZIP     84079 09-18-97   7:20p
SWTC     ZIP     81855 09-18-97   7:42p
SWH      ZIP      2682 08-11-97  10:41p
SWTCPPRJ ZIP      1608 08-11-97  10:42p
SWTCPRJ  ZIP       157 08-27-97  11:27p
SS31     ZIP    233305 08-11-97  10:43p
PACKING  LST      3608 06-25-98   4:03p
README   1ST      2137 06-25-98   3:20p
UNZIP    EXE     88488 05-01-96  10:30p
INSTALL  EXE     35792 08-29-97   7:03a
INSTALL  SCR      2000 03-11-97   7:01p
INSTALL  SYS      4735 06-25-98   3:21p
RUNEXEC  EXE     17280 08-25-97   2:25a
LICENSE  DOC     20274 06-25-98   4:39p
SIMPWIN  ZIP    246908 06-25-98   3:31p

Files in SIMPWIN.ZIP:

SWLOADFT EXE      8416 06-07-97  11:41p
SIMPTUT  PRN      9761 07-12-97   8:41a
MAKEFILE WIN      1232 06-02-97   6:56p
CONVWIN  EXE     12064 06-07-97  11:22p
SIMPTUT  SNG       102 08-07-97   8:43p
CONVMEN  EXE     12832 06-07-97  11:22p
SWTOTXT  EXE     12480 06-07-97  11:23p
MAKEFILE MEN      1739 08-27-97  11:15p
LITTLE   SNG       242 08-07-97   8:42p
STUTTEXT MEN     25917 08-27-97  11:15p
TXTTOSW  EXE     12688 07-28-97   2:21p
MAKEFILE HLP     12554 08-27-97  11:21p
MAKEFILE TXT      1562 06-16-97   6:19p
MAKEFILE SCR      2000 08-12-97  12:57a
MAKEFILE EXE    126768 09-12-97   4:32p
SIMPTUT  SCH     16224 03-09-97   1:37a
SIMPTUT  SYS       147 03-22-96  10:46p
IBMSTD   FNT      4096 03-09-96   7:25p
CURSOR   FNT      4096 03-24-96   3:50p
ROMAN    FNT      4096 03-09-96   7:22p
ANTIQUE  FNT      4096 03-09-96   7:23p
BRODWAY  FNT      4096 03-09-96   7:24p
COURRIER FNT      4096 03-09-96   7:25p
MEDIEVAL FNT      4096 03-09-96   7:25p
SANSERIF FNT      4096 03-09-96   7:24p
SCRIPT   FNT      4096 03-09-96   7:23p
DEFAULT  OPT       147 02-19-96  12:02a
MY       OPT       147 03-22-96  10:46p
READOCS  EXE     38128 08-20-97   2:09a
READOCS  WIN       504 06-08-97   2:45a
READOCS  HLP      1165 08-20-97   2:13a
READOCS  SCR      2000 03-11-97   7:01p
SIMPTEXT MEN      6225 08-27-97  11:16p
DEFINES  TXT      2227 08-11-97   6:51p
SIMPTUT  EXE     84656 08-11-97   7:58p
SIMPTUT  C       67433 08-11-97   7:56p
SIMPTUT  WIN      1232 06-02-97   6:55p
SIMPTUT  MEN      6680 08-27-97  11:16p
DISCLAM  DOC     20013 06-25-98   3:25p
SIMPTUT  SCR      4001 08-11-97   7:43p
SIMPWIN  DOC     71611 06-25-98   3:29p
CONVSNG  EXE     13872 08-07-97   9:41p
ERROR    TXT      3515 01-27-97  10:09p

Files in SWTCPP.ZIP:

SWINS    LIB     37376 08-07-97   9:09P
SWINERRS LIB     47104 08-07-97   9:09P
SWINL    LIB     42496 08-07-97   9:14P
SWINERRL LIB     54272 08-07-97   9:14P
MOUSE21L LIB      3072 06-08-97  12:04A
MOUSE21S LIB      3072 06-07-97  11:58P

Files in SWTC.ZIP:

SWINS    LIB     37376 08-07-97   9:17P
SWINERRS LIB     46592 08-07-97   9:17P
SWINL    LIB     42496 08-07-97   9:21P
SWINERRL LIB     54784 08-07-97   9:21P
MOUSE21S LIB      3072 08-11-97  10:37P
MOUSE21L LIB      3072 08-11-97  10:38P

Files in SWH.ZIP:

SIMPWIN  H        6302 08-07-97  11:13A
SWSKDEF  H        1326 02-20-97  10:25A
MOUSE21  H         662 06-30-97   6:20A

Files in SWTCPPRJ.ZIP:

SIMPTUT  PRJ     15060 08-11-97   7:58P

Files in SS31.ZIP:

ACROP    DCT    193709 04-25-94  11:16A
DM       EXE     19556 08-03-96   2:40P
REGISTER DOC      2550 08-03-96   2:40P
SS       EXE     70832 08-03-96   2:02P
SS       DOC     30519 08-03-96   2:43P
UPDATE   EXE     13887 08-03-96   2:40P

Files in SWTCPRJ.ZIP:

SIMPTUT  PRJ        46 08-27-97  11:27P
