FILES in Main zip

INSTALL  EXE     64192 03-14-97   8:08p
INSTALL  SCR      2000 03-11-97   7:01p
INSTALL  SYS      2438 04-29-97   3:38p
UNZIP    EXE     88488 05-01-96  10:30p
README   1ST       342 03-15-97   9:28p
SWTC     ZIP     38315 03-09-97   4:01p
SWTCPP   ZIP     39230 03-09-97   3:35a
RUNEXEC  EXE     54096 04-18-97   9:14p
SIMPWINH ZIP      2445 03-09-97   3:42a
LICENSE  DOC     19429 04-27-97  12:11a
PACKING  LST      2841 04-29-97   3:41p
SWTCPRJ  ZIP       156 03-09-97   4:06p
SWTCPPRJ ZIP      1572 03-16-97   2:35a
SIMPWN16 ZIP    222578 04-29-97   1:42p
FILE_ID  DIZ       402 04-23-97   1:59a
VENDINFO DIZ     25934 04-23-97   1:59a

FLIES in SIMPWN16.ZIP

MAKEFILE TXT      1557 02-19-97  10:52p
MAKEFILE SCR      4000 04-26-97  11:49p
MAKEFILE MEN     36000 02-10-97  11:02p
MAKEFILE WIN     89232 02-10-97  11:18p
SIMPTUT  WIN     89232 02-11-97   7:25p
SIMPTUT  MEN     36000 03-08-97   5:27p
MAKEFILE HLP    118000 02-11-97   4:39p
SIMPTUT  SYS       147 03-22-96  10:46p
SIMPTUT  C       67843 04-29-97   1:16p
MAKEFILE EXE    125312 04-17-97   3:27a
ROMAN    FNT      4096 03-09-96   7:22p
SIMPTUT  PRN      4880 12-05-96  10:47p
SIMPTUT  SCR      4000 04-26-97  11:50p
SIMPTUT  SNG       182 12-15-96   7:32a
ANTIQUE  FNT      4096 03-09-96   7:23p
SIMPTUT  EXE     84640 04-29-97   1:17p
SCRIPT   FNT      4096 03-09-96   7:23p
BRODWAY  FNT      4096 03-09-96   7:24p
SANSERIF FNT      4096 03-09-96   7:24p
IBMSTD   FNT      4096 03-09-96   7:25p
COURRIER FNT      4096 03-09-96   7:25p
MEDIEVAL FNT      4096 03-09-96   7:25p
LITTLE   SNG       434 12-15-96   7:33a
CURSOR   FNT      4096 03-24-96   3:50p
SWLOADFT EXE      8400 02-13-97   7:54a
DISCLAM  DOC     19014 04-26-97  11:54p
DEFAULT  OPT       147 02-19-96  12:02a
MY       OPT       147 03-22-96  10:46p
STUTTEXT MEN    128000 02-20-97  12:45a
SIMPTEXT MEN     16000 04-26-97  11:57p
READOCS  HLP     10000 05-12-96   2:11a
READOCS  WIN     36504 02-17-97   3:58a
READOCS  SCR      2000 03-11-97   7:01p
READOCS  EXE     65216 03-11-97   7:25p
DEFINES  TXT      2054 03-08-97   9:15p
SIMPTUT  SCH     16224 03-09-97   1:37a
SIMPWN16 DOC     67473 04-26-97  11:53p
DEMO     SCR      4000 07-27-95   3:10a

FILES in SWTCPP.ZIP

SWINS    LIB     37376 03-09-97   2:41a
SWINERRS LIB     46592 03-09-97   2:41a
MOUSE21S LIB      3072 03-07-97   3:16p

FILES in SWTC.ZIP

SWINS    LIB     35840 03-09-97   4:18a
SWINERRS LIB     45056 03-09-97   4:19a
MOUSE21S LIB      3072 03-09-97   3:57p

FILES in SIMPWINH.ZIP

SIMPWIN  H        5598 01-30-97   8:06p
MOUSE21  H         538 02-12-97   9:10a
SWSKDEF  H        1326 02-20-97  10:25a

FILES in SWTCPRJ.ZIP

SIMPTUT  PRJ        45 03-09-97   3:41p

FILES in SWTCPPRJ.ZIP

SIMPTUT  PRJ     12500 03-16-97   1:43a
